10:26:53.627 [main] INFO  testCases.TC002_LoginTest - ****** Startign TC_002_LoginTest *****
10:26:56.314 [main] INFO  testCases.TC002_LoginTest - ******* Finished TC_002_LoginTest *****
13:39:40.101 [main] DEBUG org.testng.TestNG - suiteXmlPath: "C:\Users\Super user\eclipse-workspace\HybridFrameWorkOpencartV121\master.xml"
13:39:40.504 [main] INFO  org.testng.internal.Utils - [TestNG] Running:
  C:\Users\Super user\eclipse-workspace\HybridFrameWorkOpencartV121\master.xml

13:40:08.456 [main] INFO  testCases.TC002_LoginTest - ****** Startign TC_002_LoginTest *****
13:40:11.644 [main] INFO  testCases.TC002_LoginTest - ******* Finished TC_002_LoginTest *****
17:35:37.899 [main] DEBUG org.testng.TestNG - suiteXmlPath: "C:\Users\Super user\eclipse-workspace\HybridFrameWorkOpencartV121\grouping.xml"
17:37:55.684 [main] DEBUG org.testng.TestNG - suiteXmlPath: "C:\Users\Super user\eclipse-workspace\HybridFrameWorkOpencartV121\grouping.xml"
17:42:22.075 [main] DEBUG org.testng.TestNG - suiteXmlPath: "C:\Users\Super user\eclipse-workspace\HybridFrameWorkOpencartV121\grouping.xml"
17:43:04.852 [main] DEBUG org.testng.TestNG - suiteXmlPath: "C:\Users\Super user\eclipse-workspace\HybridFrameWorkOpencartV121\master.xml"
17:43:05.613 [main] INFO  org.testng.internal.Utils - [TestNG] Running:
  C:\Users\Super user\eclipse-workspace\HybridFrameWorkOpencartV121\master.xml

17:43:20.774 [main] INFO  testCases.TC002_LoginTest - ****** Startign TC_002_LoginTest *****
17:43:23.969 [main] INFO  testCases.TC002_LoginTest - ******* Finished TC_002_LoginTest *****
17:45:59.660 [main] DEBUG org.testng.TestNG - suiteXmlPath: "C:\Users\Super user\eclipse-workspace\HybridFrameWorkOpencartV121\grouping.xml"
17:46:26.711 [main] DEBUG org.testng.TestNG - suiteXmlPath: "C:\Users\Super user\eclipse-workspace\HybridFrameWorkOpencartV121\master.xml"
17:46:27.155 [main] INFO  org.testng.internal.Utils - [TestNG] Running:
  C:\Users\Super user\eclipse-workspace\HybridFrameWorkOpencartV121\master.xml

17:46:34.973 [main] INFO  testCases.TC002_LoginTest - ****** Startign TC_002_LoginTest *****
17:46:37.372 [main] INFO  testCases.TC002_LoginTest - ******* Finished TC_002_LoginTest *****
17:50:39.756 [main] DEBUG org.testng.TestNG - suiteXmlPath: "C:\Users\Super user\eclipse-workspace\HybridFrameWorkOpencartV121\testng.xml"
17:50:40.197 [main] INFO  org.testng.internal.Utils - [TestNG] Running:
  C:\Users\Super user\eclipse-workspace\HybridFrameWorkOpencartV121\testng.xml

17:59:50.865 [main] DEBUG org.testng.TestNG - suiteXmlPath: "C:\Users\Super user\eclipse-workspace\HybridFrameWorkOpencartV121\testng.xml"
17:59:51.350 [main] INFO  org.testng.internal.Utils - [TestNG] Running:
  C:\Users\Super user\eclipse-workspace\HybridFrameWorkOpencartV121\testng.xml

19:01:38.074 [main] DEBUG org.testng.TestNG - suiteXmlPath: "C:\Users\Super user\eclipse-workspace\HybridFrameWorkOpencartV121\master.xml"
19:01:38.508 [main] INFO  org.testng.internal.Utils - [TestNG] Running:
  C:\Users\Super user\eclipse-workspace\HybridFrameWorkOpencartV121\master.xml

19:01:52.919 [main] INFO  testCases.TC001_AccountRegistrationTest - *****starting TC001_AccountRegistrationTest 
19:01:53.195 [main] INFO  testCases.TC001_AccountRegistrationTest - *****Clicked on My Account Link....
19:01:53.954 [main] INFO  testCases.TC001_AccountRegistrationTest - *****Clicked on My Register Link....
19:01:53.963 [main] INFO  testCases.TC001_AccountRegistrationTest - *****Providing Customer details....
19:01:55.854 [main] INFO  testCases.TC001_AccountRegistrationTest - *****Validating expected msg....
19:01:55.881 [main] INFO  testCases.TC001_AccountRegistrationTest - *****Finished TC001_AccountRegistrationTest....
19:02:04.449 [main] INFO  testCases.TC002_LoginTest - ****** Startign TC_002_LoginTest *****
19:02:06.410 [main] INFO  testCases.TC002_LoginTest - ******* Finished TC_002_LoginTest *****
23:38:07.233 [main] DEBUG org.testng.TestNG - suiteXmlPath: "C:\Users\Super user\eclipse-workspace\HybridFrameWorkOpencartV121\master.xml"
23:38:29.819 [main] INFO  testCases.TC001_AccountRegistrationTest - *****starting TC001_AccountRegistrationTest 
23:38:30.195 [main] INFO  testCases.TC001_AccountRegistrationTest - *****Clicked on My Account Link....
23:38:31.011 [main] INFO  testCases.TC001_AccountRegistrationTest - *****Clicked on My Register Link....
23:38:31.028 [main] INFO  testCases.TC001_AccountRegistrationTest - *****Providing Customer details....
23:38:33.448 [main] INFO  testCases.TC001_AccountRegistrationTest - *****Validating expected msg....
23:38:33.474 [main] INFO  testCases.TC001_AccountRegistrationTest - *****Finished TC001_AccountRegistrationTest....
23:38:43.214 [main] INFO  testCases.TC002_LoginTest - ****** Startign TC_002_LoginTest *****
23:38:45.697 [main] INFO  testCases.TC002_LoginTest - ******* Finished TC_002_LoginTest *****
00:12:03.181 [main] DEBUG org.testng.TestNG - suiteXmlPath: "C:\Users\Super user\eclipse-workspace\HybridFrameWorkOpencartV121\master.xml"
00:12:12.688 [main] INFO  testCases.TC001_AccountRegistrationTest - *****starting TC001_AccountRegistrationTest 
00:12:12.846 [main] INFO  testCases.TC001_AccountRegistrationTest - *****Clicked on My Account Link....
00:12:13.565 [main] INFO  testCases.TC001_AccountRegistrationTest - *****Clicked on My Register Link....
00:12:13.570 [main] INFO  testCases.TC001_AccountRegistrationTest - *****Providing Customer details....
00:12:15.593 [main] INFO  testCases.TC001_AccountRegistrationTest - *****Validating expected msg....
00:12:15.620 [main] INFO  testCases.TC001_AccountRegistrationTest - *****Finished TC001_AccountRegistrationTest....
00:12:25.917 [main] INFO  testCases.TC002_LoginTest - ****** Startign TC_002_LoginTest *****
00:12:28.211 [main] INFO  testCases.TC002_LoginTest - ******* Finished TC_002_LoginTest *****
00:23:00.477 [main] DEBUG org.testng.TestNG - suiteXmlPath: "C:\Users\Super user\eclipse-workspace\HybridFrameWorkOpencartV121\master.xml"
00:23:08.611 [main] INFO  testCases.TC001_AccountRegistrationTest - *****starting TC001_AccountRegistrationTest 
00:23:08.773 [main] INFO  testCases.TC001_AccountRegistrationTest - *****Clicked on My Account Link....
00:23:11.138 [main] INFO  testCases.TC001_AccountRegistrationTest - *****Clicked on My Register Link....
00:23:11.142 [main] INFO  testCases.TC001_AccountRegistrationTest - *****Providing Customer details....
00:23:13.085 [main] INFO  testCases.TC001_AccountRegistrationTest - *****Validating expected msg....
00:23:13.108 [main] INFO  testCases.TC001_AccountRegistrationTest - *****Finished TC001_AccountRegistrationTest....
00:23:20.818 [main] INFO  testCases.TC002_LoginTest - ****** Startign TC_002_LoginTest *****
00:23:22.863 [main] INFO  testCases.TC002_LoginTest - ******* Finished TC_002_LoginTest *****
00:26:16.777 [main] DEBUG org.testng.TestNG - suiteXmlPath: "C:\Users\Super user\eclipse-workspace\HybridFrameWorkOpencartV121\master.xml"
00:26:16.913 [main] DEBUG org.testng.TestNG - suiteXmlPath: "C:\Users\Super user\eclipse-workspace\HybridFrameWorkOpencartV121\testng.xml"
00:26:26.388 [main] INFO  testCases.TC001_AccountRegistrationTest - *****starting TC001_AccountRegistrationTest 
00:26:26.548 [main] INFO  testCases.TC001_AccountRegistrationTest - *****Clicked on My Account Link....
00:26:27.874 [main] INFO  testCases.TC001_AccountRegistrationTest - *****Clicked on My Register Link....
00:26:27.882 [main] INFO  testCases.TC001_AccountRegistrationTest - *****Providing Customer details....
00:26:30.362 [main] INFO  testCases.TC001_AccountRegistrationTest - *****Validating expected msg....
00:26:30.396 [main] INFO  testCases.TC001_AccountRegistrationTest - *****Finished TC001_AccountRegistrationTest....
00:26:38.335 [main] INFO  testCases.TC002_LoginTest - ****** Startign TC_002_LoginTest *****
00:26:40.310 [main] INFO  testCases.TC002_LoginTest - ******* Finished TC_002_LoginTest *****
