2025-03-29 07:25:18,003(HH:mm:ss.sss) [main] INFO  testCases.TC001_AccountRegistrationTest {36} - *****Finished TC001_AccountRegistrationTest....
2025-03-29 07:27:06,869(HH:mm:ss.sss) [main] INFO  testCases.TC001_AccountRegistrationTest {36} - *****starting TC001_AccountRegistrationTest 
2025-03-29 07:27:09,528(HH:mm:ss.sss) [main] INFO  testCases.TC001_AccountRegistrationTest {36} - *****Clicked on My Account Link....
2025-03-29 07:27:12,203(HH:mm:ss.sss) [main] INFO  testCases.TC001_AccountRegistrationTest {36} - *****Clicked on My Register Link....
2025-03-29 07:27:12,207(HH:mm:ss.sss) [main] INFO  testCases.TC001_AccountRegistrationTest {36} - *****Providing Customer details....
2025-03-29 07:27:19,059(HH:mm:ss.sss) [main] INFO  testCases.TC001_AccountRegistrationTest {36} - *****Validating expected msg....
2025-03-29 07:27:19,085(HH:mm:ss.sss) [main] INFO  testCases.TC001_AccountRegistrationTest {36} - *****Finished TC001_AccountRegistrationTest....
2025-03-29 07:49:34,556(HH:mm:ss.sss) [main] INFO  testCases.TC001_AccountRegistrationTest {36} - *****starting TC001_AccountRegistrationTest 
2025-03-29 07:49:35,084(HH:mm:ss.sss) [main] INFO  testCases.TC001_AccountRegistrationTest {36} - *****Clicked on My Account Link....
2025-03-29 07:49:38,281(HH:mm:ss.sss) [main] INFO  testCases.TC001_AccountRegistrationTest {36} - *****Clicked on My Register Link....
2025-03-29 07:49:38,284(HH:mm:ss.sss) [main] INFO  testCases.TC001_AccountRegistrationTest {36} - *****Providing Customer details....
2025-03-29 07:49:40,598(HH:mm:ss.sss) [main] INFO  testCases.TC001_AccountRegistrationTest {36} - *****Validating expected msg....
2025-03-29 07:49:40,626(HH:mm:ss.sss) [main] INFO  testCases.TC001_AccountRegistrationTest {36} - *****Finished TC001_AccountRegistrationTest....
2025-03-29 07:55:17,714(HH:mm:ss.sss) [TestNG-tests-1] INFO  testCases.TC001_AccountRegistrationTest {36} - *****starting TC001_AccountRegistrationTest 
2025-03-29 07:55:24,434(HH:mm:ss.sss) [TestNG-tests-1] INFO  testCases.TC001_AccountRegistrationTest {36} - *****Clicked on My Account Link....
2025-03-29 07:55:27,658(HH:mm:ss.sss) [TestNG-tests-1] INFO  testCases.TC001_AccountRegistrationTest {36} - *****Clicked on My Register Link....
2025-03-29 07:55:27,737(HH:mm:ss.sss) [TestNG-tests-1] INFO  testCases.TC001_AccountRegistrationTest {36} - *****Providing Customer details....
2025-03-29 07:55:33,518(HH:mm:ss.sss) [TestNG-tests-1] INFO  testCases.TC001_AccountRegistrationTest {36} - *****Validating expected msg....
2025-03-29 07:55:33,851(HH:mm:ss.sss) [TestNG-tests-1] INFO  testCases.TC001_AccountRegistrationTest {36} - *****Finished TC001_AccountRegistrationTest....
2025-03-29 07:57:07,012(HH:mm:ss.sss) [TestNG-tests-2] INFO  testCases.TC001_AccountRegistrationTest {36} - *****starting TC001_AccountRegistrationTest 
2025-03-29 07:57:08,084(HH:mm:ss.sss) [TestNG-tests-2] INFO  testCases.TC001_AccountRegistrationTest {36} - *****Clicked on My Account Link....
2025-03-29 07:57:10,057(HH:mm:ss.sss) [TestNG-tests-2] INFO  testCases.TC001_AccountRegistrationTest {36} - *****Clicked on My Register Link....
2025-03-29 07:57:10,060(HH:mm:ss.sss) [TestNG-tests-2] INFO  testCases.TC001_AccountRegistrationTest {36} - *****Providing Customer details....
2025-03-29 07:57:19,695(HH:mm:ss.sss) [TestNG-tests-2] INFO  testCases.TC001_AccountRegistrationTest {36} - *****Validating expected msg....
2025-03-29 07:57:19,715(HH:mm:ss.sss) [TestNG-tests-2] INFO  testCases.TC001_AccountRegistrationTest {36} - *****Finished TC001_AccountRegistrationTest....
2025-03-29 08:44:46,500(HH:mm:ss.sss) [TestNG-tests-2] INFO  testCases.TC001_AccountRegistrationTest {36} - *****starting TC001_AccountRegistrationTest 
2025-03-29 08:44:46,934(HH:mm:ss.sss) [TestNG-tests-1] INFO  testCases.TC001_AccountRegistrationTest {36} - *****starting TC001_AccountRegistrationTest 
2025-03-29 08:44:47,580(HH:mm:ss.sss) [TestNG-tests-1] INFO  testCases.TC001_AccountRegistrationTest {36} - *****Clicked on My Account Link....
2025-03-29 08:44:48,153(HH:mm:ss.sss) [TestNG-tests-2] INFO  testCases.TC001_AccountRegistrationTest {36} - *****Clicked on My Account Link....
2025-03-29 08:44:49,084(HH:mm:ss.sss) [TestNG-tests-1] INFO  testCases.TC001_AccountRegistrationTest {36} - *****Clicked on My Register Link....
2025-03-29 08:44:49,121(HH:mm:ss.sss) [TestNG-tests-1] INFO  testCases.TC001_AccountRegistrationTest {36} - *****Providing Customer details....
2025-03-29 08:44:50,875(HH:mm:ss.sss) [TestNG-tests-2] INFO  testCases.TC001_AccountRegistrationTest {36} - *****Clicked on My Register Link....
2025-03-29 08:44:50,878(HH:mm:ss.sss) [TestNG-tests-2] INFO  testCases.TC001_AccountRegistrationTest {36} - *****Providing Customer details....
2025-03-29 08:44:54,167(HH:mm:ss.sss) [TestNG-tests-1] INFO  testCases.TC001_AccountRegistrationTest {36} - *****Validating expected msg....
2025-03-29 08:44:54,354(HH:mm:ss.sss) [TestNG-tests-1] INFO  testCases.TC001_AccountRegistrationTest {36} - *****Finished TC001_AccountRegistrationTest....
